2020-10-27T11:53:34.253Z info: 调用用户登陆接口
2020-10-27T11:53:34.255Z info: 账号存在
2020-10-27T11:53:34.256Z info: 密码正确
2020-10-27T11:53:34.279Z info: 调用用户登陆接口结束
2020-10-27T12:02:46.244Z info: 调用用户登陆接口
2020-10-27T12:02:46.245Z info: 账号存在
2020-10-27T12:02:46.245Z info: 密码正确
2020-10-27T12:02:46.248Z info: 调用用户登陆接口结束
2020-10-27T13:58:53.284Z info: 调用用户登陆接口
2020-10-27T13:58:53.299Z info: 账号存在
2020-10-27T13:58:53.300Z info: 密码正确
2020-10-27T13:58:53.303Z info: 调用用户登陆接口结束
2020-10-27T14:00:04.640Z info: 调用用户登陆接口
2020-10-27T14:00:04.641Z info: 账号存在
2020-10-27T14:00:04.641Z info: 密码正确
2020-10-27T14:00:04.643Z info: 调用用户登陆接口结束
2020-10-28T09:45:24.121Z warn: 配置跨域
2020-10-28T09:45:24.129Z info: 已配置axios超时时间20s
2020-10-28T09:45:24.146Z warn: 配置路由
2020-10-28T09:45:24.177Z info: Server started on port 80
2020-10-29T11:17:01.667Z warn: 配置跨域
2020-10-29T11:17:01.674Z info: 已配置axios超时时间20s
2020-10-29T11:17:01.787Z warn: 配置路由
2020-10-29T11:17:01.818Z info: Server started on port 80
